<?xml version="1.0" encoding="UTF-8"?>
<!-- Generated by org.testng.reporters.JUnitReportReporter -->
<testsuite hostname="WorkStation" failures="0" tests="1" name="uk.co.testing.OrderCompleteTest" time="15.262" errors="0" timestamp="2022-11-16T03:11:14 GMT" skipped="0">
  <testcase classname="uk.co.testing.OrderCompleteTest" name="endToEndTest" time="15.262"/>
  <system-out/>
</testsuite> <!-- uk.co.testing.OrderCompleteTest -->
