<?xml version="1.0" encoding="UTF-8"?>
<!-- Generated by org.testng.reporters.JUnitReportReporter -->
<testsuite hostname="WorkStation" failures="0" tests="1" name="uk.co.testing.OrderCompleteTest" time="9.535" errors="0" timestamp="2022-11-07T01:47:42 GMT" skipped="0">
  <testcase classname="uk.co.testing.OrderCompleteTest" name="endToEndTest" time="9.535"/>
  <system-out/>
</testsuite> <!-- uk.co.testing.OrderCompleteTest -->
