<?xml version="1.0" encoding="UTF-8"?>
<!-- Generated by org.testng.reporters.JUnitReportReporter -->
<testsuite hostname="WorkStation" failures="0" tests="1" name="TestCases.StoreLoginTest" time="4.585" errors="0" timestamp="2022-10-01T17:24:40 BST" skipped="0">
  <testcase classname="TestCases.StoreLoginTest" name="login" time="4.585"/>
  <system-out/>
</testsuite> <!-- TestCases.StoreLoginTest -->
