<?xml version="1.0" encoding="UTF-8"?>
<!-- Generated by org.testng.reporters.JUnitReportReporter -->
<testsuite hostname="WorkStation" failures="0" tests="1" name="uk.co.automationtest.OrderCompleteTest" time="19.333" errors="0" timestamp="2022-11-21T04:07:33 GMT" skipped="0">
  <testcase classname="uk.co.automationtest.OrderCompleteTest" name="endToEndTest" time="19.333"/>
  <system-out/>
</testsuite> <!-- uk.co.automationtest.OrderCompleteTest -->
