<?xml version="1.0" encoding="UTF-8"?>
<!-- Generated by org.testng.reporters.JUnitReportReporter -->
<testsuite hostname="WorkStation" failures="0" tests="1" name="uk.co.automationtest.OrderCompleteTest" time="11.916" errors="0" timestamp="2022-11-16T04:35:58 GMT" skipped="0">
  <testcase classname="uk.co.automationtest.OrderCompleteTest" name="endToEndTest" time="11.916"/>
  <system-out/>
</testsuite> <!-- uk.co.automationtest.OrderCompleteTest -->
