<?xml version="1.0" encoding="UTF-8"?>
<!-- Generated by org.testng.reporters.JUnitReportReporter -->
<testsuite hostname="WorkStation" failures="0" tests="1" name="uk.co.automationtest.AddRemoveItemBasketTest" time="29.074" errors="0" timestamp="2022-11-19T17:59:54 GMT" skipped="0">
  <testcase classname="uk.co.automationtest.AddRemoveItemBasketTest" name="addRemoveItem" time="29.074"/>
  <system-out/>
</testsuite> <!-- uk.co.automationtest.AddRemoveItemBasketTest -->
