<?xml version="1.0" encoding="UTF-8"?>
<!-- Generated by org.testng.reporters.JUnitReportReporter -->
<testsuite hostname="WorkStation" failures="0" tests="1" name="uk.co.automationtest.OrderCompleteTest" time="12.176" errors="0" timestamp="2022-11-16T05:11:15 GMT" skipped="0">
  <testcase classname="uk.co.automationtest.OrderCompleteTest" name="endToEndTest" time="12.176"/>
  <system-out/>
</testsuite> <!-- uk.co.automationtest.OrderCompleteTest -->
