<?xml version="1.0" encoding="UTF-8"?>
<!-- Generated by org.testng.reporters.JUnitReportReporter -->
<testsuite hostname="WorkStation" failures="0" tests="1" name="uk.co.automationtest.OrderCompleteTest" time="14.901" errors="0" timestamp="2022-12-02T18:28:50 GMT" skipped="0">
  <testcase classname="uk.co.automationtest.OrderCompleteTest" name="endToEndTest" time="14.901"/>
  <system-out/>
</testsuite> <!-- uk.co.automationtest.OrderCompleteTest -->
