<?xml version="1.0" encoding="UTF-8"?>
<!-- Generated by org.testng.reporters.JUnitReportReporter -->
<testsuite hostname="WorkStation" failures="0" tests="1" name="uk.co.automationtest.OrderCompleteTest" time="20.682" errors="0" timestamp="2022-12-03T15:52:55 GMT" skipped="0">
  <testcase classname="uk.co.automationtest.OrderCompleteTest" name="endToEndTest" time="20.682"/>
  <system-out/>
</testsuite> <!-- uk.co.automationtest.OrderCompleteTest -->
