<?xml version="1.0" encoding="UTF-8"?>
<!-- Generated by org.testng.reporters.JUnitReportReporter -->
<testsuite hostname="WorkStation" failures="0" tests="4" name="day1.HTTPRequest" time="2.887" errors="0" timestamp="2022-11-05T04:13:50 GMT" skipped="0">
  <testcase classname="day1.HTTPRequest" name="getUsers" time="2.155"/>
  <system-out/>
  <testcase classname="day1.HTTPRequest" name="createUser" time="0.490"/>
  <system-out/>
  <testcase classname="day1.HTTPRequest" name="updateUser" time="0.126"/>
  <system-out/>
  <testcase classname="day1.HTTPRequest" name="deleteUser" time="0.116"/>
  <system-out/>
</testsuite> <!-- day1.HTTPRequest -->
