<?xml version="1.0" encoding="UTF-8"?>
<!-- Generated by org.testng.reporters.JUnitReportReporter -->
<testsuite hostname="WorkStation" failures="0" tests="2" name="day2.DiffWaysToCreatePostRequestBody" time="1.962" errors="0" timestamp="2022-11-05T03:32:17 GMT" skipped="0">
  <testcase classname="day2.DiffWaysToCreatePostRequestBody" name="testPostUingExternalJsonFile" time="1.903"/>
  <system-out/>
  <testcase classname="day2.DiffWaysToCreatePostRequestBody" name="testDelete" time="0.059"/>
  <system-out/>
</testsuite> <!-- day2.DiffWaysToCreatePostRequestBody -->
