<?xml version="1.0" encoding="UTF-8"?>
<!-- Generated by org.testng.reporters.JUnitReportReporter -->
<testsuite hostname="WorkStation" failures="0" tests="1" name="day8.GetUser" time="0.968" errors="0" timestamp="2022-11-08T03:35:19 GMT" skipped="0">
  <testcase classname="day8.GetUser" name="test_getUser" time="0.968"/>
  <system-out/>
</testsuite> <!-- day8.GetUser -->
