<?xml version="1.0" encoding="UTF-8"?>
<!-- Generated by org.testng.reporters.JUnitReportReporter -->
<testsuite hostname="WorkStation" failures="0" tests="1" name="day3.PathAndQueryParameters" time="2.125" errors="0" timestamp="2022-12-04T14:54:36 GMT" skipped="0">
  <testcase classname="day3.PathAndQueryParameters" name="testQueryAndPathParameters" time="2.125"/>
  <system-out/>
</testsuite> <!-- day3.PathAndQueryParameters -->
