<?xml version="1.0" encoding="UTF-8"?>
<!-- Generated by org.testng.reporters.JUnitReportReporter -->
<testsuite hostname="WorkStation" failures="0" tests="1" name="day8.UpdateUser" time="0.961" errors="0" timestamp="2022-11-08T03:35:19 GMT" skipped="0">
  <testcase classname="day8.UpdateUser" name="tes_updateUser" time="0.961"/>
  <system-out/>
</testsuite> <!-- day8.UpdateUser -->
