<?xml version="1.0" encoding="UTF-8"?>
<!-- Generated by org.testng.reporters.JUnitReportReporter -->
<testsuite hostname="WorkStation" failures="0" tests="1" name="day3.CookiesDemo" time="1.670" errors="0" timestamp="2022-11-06T06:10:24 GMT" skipped="0">
  <testcase classname="day3.CookiesDemo" name="getCookiesInfo" time="1.670"/>
  <system-out/>
</testsuite> <!-- day3.CookiesDemo -->
