<?xml version="1.0" encoding="UTF-8"?>
<!-- Generated by org.testng.reporters.JUnitReportReporter -->
<testsuite hostname="WorkStation" failures="0" tests="1" name="day3.HeadersDemo" time="1.559" errors="0" timestamp="2022-11-06T06:44:45 GMT" skipped="0">
  <testcase classname="day3.HeadersDemo" name="getHeaders" time="1.559"/>
  <system-out/>
</testsuite> <!-- day3.HeadersDemo -->
