<?xml version="1.0" encoding="UTF-8"?>
<!-- Generated by org.testng.reporters.JUnitReportReporter -->
<testsuite hostname="WorkStation" failures="0" tests="1" name="day1.ResponseParsing" time="1.455" errors="0" timestamp="2022-11-08T20:09:21 GMT" skipped="0">
  <testcase classname="day1.ResponseParsing" name="testJsonResponse" time="1.455"/>
  <system-out/>
</testsuite> <!-- day1.ResponseParsing -->
