<?xml version="1.0" encoding="UTF-8"?>
<!-- Generated by org.testng.reporters.JUnitReportReporter -->
<testsuite hostname="WorkStation" failures="0" tests="1" name="day8.CreateUser" time="3.937" errors="0" timestamp="2022-11-08T02:33:22 GMT" skipped="0">
  <testcase classname="day8.CreateUser" name="tes_createUser" time="3.937"/>
  <system-out/>
</testsuite> <!-- day8.CreateUser -->
