<?xml version="1.0" encoding="UTF-8"?>
<!-- Generated by org.testng.reporters.JUnitReportReporter -->
<testsuite hostname="WorkStation" failures="0" tests="1" name="day3.CookiesDemo" time="1.580" errors="0" timestamp="2022-12-04T15:35:06 GMT" skipped="0">
  <testcase classname="day3.CookiesDemo" name="getCookiesInfo" time="1.580"/>
  <system-out/>
</testsuite> <!-- day3.CookiesDemo -->
