<?xml version="1.0" encoding="UTF-8"?>
<!-- Generated by org.testng.reporters.JUnitReportReporter -->
<testsuite hostname="WorkStation" failures="0" tests="2" name="day1.Practice" time="2.461" errors="0" timestamp="2022-11-08T05:20:46 GMT" skipped="0">
  <testcase classname="day1.Practice" name="getUser" time="0.219"/>
  <system-out/>
  <testcase classname="day1.Practice" name="createUser" time="2.242"/>
  <system-out/>
</testsuite> <!-- day1.Practice -->
