<?xml version="1.0" encoding="UTF-8"?>
<!-- Generated by org.testng.reporters.JUnitReportReporter -->
<testsuite hostname="WorkStation" failures="0" tests="1" name="day3.PathAndQueryParameters" time="1.690" errors="0" timestamp="2022-11-06T05:29:50 GMT" skipped="0">
  <testcase classname="day3.PathAndQueryParameters" name="testQueryAndPathParameters" time="1.690"/>
  <system-out/>
</testsuite> <!-- day3.PathAndQueryParameters -->
