<?xml version="1.0" encoding="UTF-8"?>
<!-- Generated by org.testng.reporters.JUnitReportReporter -->
<testsuite hostname="WorkStation" failures="0" tests="1" name="day3.LoggingDemo" time="1.966" errors="0" timestamp="2022-11-06T06:56:00 GMT" skipped="0">
  <testcase classname="day3.LoggingDemo" name="testLogs" time="1.966"/>
  <system-out/>
</testsuite> <!-- day3.LoggingDemo -->
