<?xml version="1.0" encoding="UTF-8"?>
<!-- Generated by org.testng.reporters.JUnitReportReporter -->
<testsuite hostname="WorkStation" failures="0" tests="2" name="day1.RequestBody" time="2.191" errors="0" timestamp="2022-11-08T18:32:08 GMT" skipped="0">
  <testcase classname="day1.RequestBody" name="test_Pojo" time="1.496"/>
  <system-out/>
  <testcase classname="day1.RequestBody" name="testJsonObj" time="0.695"/>
  <system-out/>
</testsuite> <!-- day1.RequestBody -->
