<?xml version="1.0" encoding="UTF-8"?>
<!-- Generated by org.testng.reporters.JUnitReportReporter -->
<testsuite hostname="WorkStation" failures="0" tests="4" name="day1.HTTPRequests" time="2.590" errors="0" timestamp="2022-12-03T17:52:37 GMT" skipped="0">
  <testcase classname="day1.HTTPRequests" name="getUsers" time="1.966"/>
  <system-out/>
  <testcase classname="day1.HTTPRequests" name="createUser" time="0.406"/>
  <system-out/>
  <testcase classname="day1.HTTPRequests" name="updateUser" time="0.109"/>
  <system-out/>
  <testcase classname="day1.HTTPRequests" name="deleteUser" time="0.109"/>
  <system-out/>
</testsuite> <!-- day1.HTTPRequests -->
