<?xml version="1.0" encoding="UTF-8"?>
<!-- Generated by org.testng.reporters.JUnitReportReporter -->
<testsuite hostname="WorkStation" failures="0" tests="1" name="day1.CookiesnHeaders" time="1.631" errors="0" timestamp="2022-11-08T18:33:50 GMT" skipped="0">
  <testcase classname="day1.CookiesnHeaders" name="getHeaders" time="1.631"/>
  <system-out/>
</testsuite> <!-- day1.CookiesnHeaders -->
