<?xml version="1.0" encoding="UTF-8"?>
<!-- Generated by org.testng.reporters.JUnitReportReporter -->
<testsuite hostname="WorkStation" failures="0" tests="1" name="day7.Authentications" time="5.007" errors="0" timestamp="2022-11-07T14:00:21 GMT" skipped="0">
  <testcase classname="day7.Authentications" name="testBearerTokenAuthentication" time="5.007"/>
  <system-out/>
</testsuite> <!-- day7.Authentications -->
