<?xml version="1.0" encoding="UTF-8"?>
<!-- Generated by org.testng.reporters.JUnitReportReporter -->
<testsuite hostname="WorkStation" failures="0" tests="1" name="day7.FakerDataGenerator" time="0.224" errors="0" timestamp="2022-11-08T00:13:12 GMT" skipped="0">
  <testcase classname="day7.FakerDataGenerator" name="testGenerateDummyData" time="0.224"/>
  <system-out/>
</testsuite> <!-- day7.FakerDataGenerator -->
