<?xml version="1.0" encoding="UTF-8"?>
<!-- Generated by org.testng.reporters.JUnitReportReporter -->
<testsuite hostname="WorkStation" failures="0" tests="1" name="day1.Param" time="1.671" errors="0" timestamp="2022-11-08T17:32:55 GMT" skipped="0">
  <testcase classname="day1.Param" name="pathParam" time="1.671"/>
  <system-out/>
</testsuite> <!-- day1.Param -->
