<?xml version="1.0" encoding="UTF-8"?>
<!-- Generated by org.testng.reporters.JUnitReportReporter -->
<testsuite hostname="WorkStation" failures="0" tests="1" name="uk.co.automationtesting.OrderCompleteTest" time="5.882" errors="0" timestamp="2022-10-18T14:42:27 BST" skipped="0">
  <testcase classname="uk.co.automationtesting.OrderCompleteTest" name="endToEndTest" time="5.882"/>
  <system-out/>
</testsuite> <!-- uk.co.automationtesting.OrderCompleteTest -->
