<?xml version="1.0" encoding="UTF-8"?>
<!-- Generated by org.testng.reporters.JUnitReportReporter -->
<testsuite hostname="WorkStation" failures="0" tests="1" name="uk.co.amazon.EndToEndTest" time="5.589" errors="0" timestamp="2022-12-06T01:24:06 GMT" skipped="0">
  <testcase classname="uk.co.amazon.EndToEndTest" name="endToEndTest" time="5.589"/>
  <system-out/>
</testsuite> <!-- uk.co.amazon.EndToEndTest -->
