<?xml version="1.0" encoding="UTF-8"?>
<!-- Generated by org.testng.reporters.JUnitReportReporter -->
<testsuite hostname="WorkStation" failures="0" tests="2" name="api.test.UserTest" time="3.759" errors="0" timestamp="2022-11-15T04:58:43 GMT" skipped="0">
  <testcase classname="api.test.UserTest" name="testPostUser" time="3.166"/>
  <system-out/>
  <testcase classname="api.test.UserTest" name="testGetUser" time="0.593"/>
  <system-out/>
</testsuite> <!-- api.test.UserTest -->
