<?xml version="1.0" encoding="UTF-8"?>
<!-- Generated by org.testng.reporters.JUnitReportReporter -->
<testsuite hostname="WorkStation" failures="0" tests="1" name="api.tests.UserTests" time="3.042" errors="0" timestamp="2022-11-19T05:42:28 GMT" skipped="0">
  <testcase classname="api.tests.UserTests" name="test_postUser" time="3.042"/>
  <system-out/>
</testsuite> <!-- api.tests.UserTests -->
