<?xml version="1.0" encoding="UTF-8"?>
<!-- Generated by org.testng.reporters.JUnitReportReporter -->
<testsuite hostname="WorkStation" failures="0" tests="3" name="api.tests.UserTests" time="4.210" errors="0" timestamp="2022-11-19T06:05:02 GMT" skipped="0">
  <testcase classname="api.tests.UserTests" name="test_postUser" time="2.950"/>
  <system-out/>
  <testcase classname="api.tests.UserTests" name="test_getUser" time="0.630"/>
  <system-out/>
  <testcase classname="api.tests.UserTests" name="test_updateUser" time="0.630"/>
  <system-out/>
</testsuite> <!-- api.tests.UserTests -->
