<?xml version="1.0" encoding="UTF-8"?>
<!-- Generated by org.testng.reporters.JUnitReportReporter -->
<testsuite hostname="WorkStation" failures="0" tests="2" name="api.tests.UserTests" time="4.227" errors="0" timestamp="2022-12-12T03:46:17 GMT" skipped="0">
  <testcase classname="api.tests.UserTests" name="testPostUser" time="3.550"/>
  <system-out/>
  <testcase classname="api.tests.UserTests" name="testGetUserByName" time="0.677"/>
  <system-out/>
</testsuite> <!-- api.tests.UserTests -->
