<?xml version="1.0" encoding="UTF-8"?>
<!-- Generated by org.testng.reporters.JUnitReportReporter -->
<testsuite hostname="WorkStation" failures="0" tests="1" name="Section12.L03_Login" time="3.481" errors="0" timestamp="2022-10-01T01:14:44 BST" skipped="0">
  <testcase classname="Section12.L03_Login" name="signin" time="3.481"/>
  <system-out/>
</testsuite> <!-- Section12.L03_Login -->
