<?xml version="1.0" encoding="UTF-8"?>
<!-- Generated by org.testng.reporters.JUnitReportReporter -->
<testsuite hostname="WorkStation" failures="0" tests="2" name="Section11.L04a_TestngXML" time="0.002" errors="0" timestamp="2022-09-29T16:28:36 BST" skipped="0">
  <testcase classname="Section11.L04a_TestngXML" name="method5" time="0.001"/>
  <system-out/>
  <testcase classname="Section11.L04a_TestngXML" name="method6" time="0.001"/>
  <system-out/>
</testsuite> <!-- Section11.L04a_TestngXML -->
