<?xml version="1.0" encoding="UTF-8"?>
<!-- Generated by org.testng.reporters.JUnitReportReporter -->
<testsuite hostname="WorkStation" failures="0" tests="1" name="Section11.L08_Annotation" time="2.244" errors="0" timestamp="2022-09-29T17:46:40 BST" skipped="0">
  <testcase classname="Section11.L08_Annotation" name="test" time="2.244"/>
  <system-out/>
</testsuite> <!-- Section11.L08_Annotation -->
