<?xml version="1.0" encoding="UTF-8"?>
<!-- Generated by org.testng.reporters.JUnitReportReporter -->
<testsuite hostname="WorkStation" failures="0" tests="1" name="Section12.L02_Login" time="4.523" errors="0" timestamp="2022-09-30T11:32:16 BST" skipped="0">
  <testcase classname="Section12.L02_Login" name="signin" time="4.523"/>
  <system-out/>
</testsuite> <!-- Section12.L02_Login -->
