<?xml version="1.0" encoding="UTF-8"?>
<!-- Generated by org.testng.reporters.JUnitReportReporter -->
<testsuite hostname="WorkStation" failures="0" tests="2" name="Section11.L10a_TestngXML" time="0.021" errors="0" timestamp="2022-09-30T01:53:08 BST" skipped="0">
  <testcase classname="Section11.L10a_TestngXML" name="method2" time="0.004"/>
  <system-out/>
  <testcase classname="Section11.L10a_TestngXML" name="method1" time="0.017"/>
  <system-out/>
</testsuite> <!-- Section11.L10a_TestngXML -->
