<?xml version="1.0" encoding="UTF-8"?>
<!-- Generated by org.testng.reporters.JUnitReportReporter -->
<testsuite hostname="WorkStation" failures="0" tests="2" name="Section11.L03a_TestngXML2" time="0.002" errors="0" timestamp="2022-09-29T16:15:10 BST" skipped="0">
  <testcase classname="Section11.L03a_TestngXML2" name="method3" time="0.001"/>
  <system-out/>
  <testcase classname="Section11.L03a_TestngXML2" name="method4" time="0.001"/>
  <system-out/>
</testsuite> <!-- Section11.L03a_TestngXML2 -->
