<?xml version="1.0" encoding="UTF-8"?>
<!-- Generated by org.testng.reporters.JUnitReportReporter -->
<testsuite hostname="WorkStation" failures="0" tests="3" name="Section11.L13_DependsOnMethods" time="1.883" errors="0" timestamp="2022-09-30T03:45:49 BST" skipped="0">
  <testcase classname="Section11.L13_DependsOnMethods" name="enterPassword" time="0.266"/>
  <system-out/>
  <testcase classname="Section11.L13_DependsOnMethods" name="enterEmail" time="0.098"/>
  <system-out/>
  <testcase classname="Section11.L13_DependsOnMethods" name="clickBtn" time="1.519"/>
  <system-out/>
</testsuite> <!-- Section11.L13_DependsOnMethods -->
