<?xml version="1.0" encoding="UTF-8"?>
<!-- Generated by org.testng.reporters.JUnitReportReporter -->
<testsuite hostname="WorkStation" failures="0" tests="2" name="Section11.L06_Homepage" time="0.010" errors="0" timestamp="2022-09-29T17:09:42 BST" skipped="0">
  <testcase classname="Section11.L06_Homepage" name="Desktop_login" time="0.001"/>
  <system-out/>
  <testcase classname="Section11.L06_Homepage" name="Desktop_addItem" time="0.009"/>
  <system-out/>
</testsuite> <!-- Section11.L06_Homepage -->
