<?xml version="1.0" encoding="UTF-8"?>
<!-- Generated by org.testng.reporters.JUnitReportReporter -->
<testsuite hostname="WorkStation" failures="0" tests="2" name="Section11.L03a_TestngXML" time="0.001" errors="0" timestamp="2022-09-29T16:28:36 BST" skipped="0">
  <testcase classname="Section11.L03a_TestngXML" name="method1" time="0.001"/>
  <system-out/>
  <testcase classname="Section11.L03a_TestngXML" name="method2" time="0.000"/>
  <system-out/>
</testsuite> <!-- Section11.L03a_TestngXML -->
