<?xml version="1.0" encoding="UTF-8"?>
<!-- Generated by org.testng.reporters.JUnitReportReporter -->
<testsuite hostname="WorkStation" failures="0" tests="2" name="Section11.L14_Enabled" time="0.087" errors="0" timestamp="2022-09-30T03:48:30 BST" skipped="1">
  <testcase classname="Section11.L14_Enabled" name="enterPassword" time="0.087"/>
  <system-out/>
  <testcase classname="Section11.L14_Enabled" name="enterEmail">
    <skipped/>
  </testcase> <!-- enterEmail -->
  <system-out/>
</testsuite> <!-- Section11.L14_Enabled -->
