<?xml version="1.0" encoding="UTF-8"?>
<!-- Generated by org.testng.reporters.JUnitReportReporter -->
<testsuite hostname="WorkStation" failures="0" tests="1" name="Section11.L02_TestngInstall" time="0.006" errors="0" timestamp="2022-09-29T16:28:36 BST" skipped="0">
  <testcase classname="Section11.L02_TestngInstall" name="helloWorld" time="0.006"/>
  <system-out/>
</testsuite> <!-- Section11.L02_TestngInstall -->
