<?xml version="1.0" encoding="UTF-8"?>
<!-- Generated by org.testng.reporters.JUnitReportReporter -->
<testsuite hostname="WorkStation" failures="0" tests="1" name="Section12.L05_Login" time="6.940" errors="0" timestamp="2022-10-01T02:46:24 BST" skipped="0">
  <testcase classname="Section12.L05_Login" name="signin" time="6.940"/>
  <system-out/>
</testsuite> <!-- Section12.L05_Login -->
