<?xml version="1.0" encoding="UTF-8"?>
<!-- Generated by org.testng.reporters.JUnitReportReporter -->
<testsuite hostname="WorkStation" failures="0" tests="1" name="Section11.L11_Parameters" time="4.399" errors="0" timestamp="2022-09-30T02:18:28 BST" skipped="0">
  <testcase classname="Section11.L11_Parameters" name="signin" time="4.399"/>
  <system-out/>
</testsuite> <!-- Section11.L11_Parameters -->
