<?xml version="1.0" encoding="UTF-8"?>
<!-- Generated by org.testng.reporters.JUnitReportReporter -->
<testsuite hostname="WorkStation" failures="0" tests="1" name="Section11.L09_Annotationpt2" time="9.476" errors="0" timestamp="2022-09-30T01:34:10 BST" skipped="0">
  <testcase classname="Section11.L09_Annotationpt2" name="test" time="9.476"/>
  <system-out/>
</testsuite> <!-- Section11.L09_Annotationpt2 -->
