<?xml version="1.0" encoding="UTF-8"?>
<!-- Generated by org.testng.reporters.JUnitReportReporter -->
<testsuite hostname="WorkStation" failures="0" tests="1" name="Section12.L04_Login2" time="5.906" errors="0" timestamp="2022-10-01T02:28:29 BST" skipped="0">
  <testcase classname="Section12.L04_Login2" name="signin" time="5.906"/>
  <system-out/>
</testsuite> <!-- Section12.L04_Login2 -->
