<?xml version="1.0" encoding="UTF-8"?>
<!-- Generated by org.testng.reporters.JUnitReportReporter -->
<testsuite hostname="WorkStation" failures="0" tests="3" name="Section11.L12_Dataprovider" time="20.071" errors="0" timestamp="2022-09-30T03:16:28 BST" skipped="0">
  <testcase classname="Section11.L12_Dataprovider" name="signin" time="6.024"/>
  <system-out/>
  <testcase classname="Section11.L12_Dataprovider" name="signin" time="6.868"/>
  <system-out/>
  <testcase classname="Section11.L12_Dataprovider" name="signin" time="7.179"/>
  <system-out/>
</testsuite> <!-- Section11.L12_Dataprovider -->
