<?xml version="1.0" encoding="UTF-8"?>
<!-- Generated by org.testng.reporters.JUnitReportReporter -->
<testsuite hostname="WorkStation" failures="0" tests="1" name="Section11.L10b_TestngXML" time="0.002" errors="0" timestamp="2022-09-30T01:53:08 BST" skipped="0">
  <testcase classname="Section11.L10b_TestngXML" name="method3" time="0.002"/>
  <system-out/>
</testsuite> <!-- Section11.L10b_TestngXML -->
