<?xml version="1.0" encoding="UTF-8"?>
<!-- Generated by org.testng.reporters.JUnitReportReporter -->
<testsuite hostname="WorkStation" failures="0" tests="1" name="uk.co.testing.OrderCompleteTest" time="19.288" errors="0" timestamp="2022-10-04T12:21:27 BST" skipped="0">
  <testcase classname="uk.co.testing.OrderCompleteTest" name="endToEndTest" time="19.288"/>
  <system-out/>
</testsuite> <!-- uk.co.testing.OrderCompleteTest -->
