<?xml version="1.0" encoding="UTF-8"?>
<!-- Generated by org.testng.reporters.JUnitReportReporter -->
<testsuite hostname="WorkStation" failures="0" tests="1" name="uk.co.testing.ShopLoginTest" time="8.117" errors="0" timestamp="2022-10-05T03:44:38 BST" skipped="0">
  <testcase classname="uk.co.testing.ShopLoginTest" name="addRemoveItem" time="8.117"/>
  <system-out/>
</testsuite> <!-- uk.co.testing.ShopLoginTest -->
