<?xml version="1.0" encoding="UTF-8"?>
<!-- Generated by org.testng.reporters.JUnitReportReporter -->
<testsuite hostname="WorkStation" failures="0" tests="1" name="com.webdriveruniversity.AddToCartTest" time="1.599" errors="0" timestamp="2022-12-26T11:09:24 GMT" skipped="0">
  <testcase classname="com.webdriveruniversity.AddToCartTest" name="addToCart" time="1.599"/>
  <system-out/>
</testsuite> <!-- com.webdriveruniversity.AddToCartTest -->
