<?xml version="1.0" encoding="UTF-8"?>
<!-- Generated by org.testng.reporters.JUnitReportReporter -->
<testsuite hostname="WorkStation" failures="0" tests="1" name="uk.co.testing.mavenproject.L08_Profile" time="0.004" errors="0" timestamp="2022-10-01T04:39:32 BST" skipped="0">
  <testcase classname="uk.co.testing.mavenproject.L08_Profile" name="example" time="0.004"/>
  <system-out/>
</testsuite> <!-- uk.co.testing.mavenproject.L08_Profile -->
